---------- Date: 2017-07-17 09:49:05 ~ IP : ::1 ----------
REQUEST URI : /e-commerce/kc-cart/
MOD DETAILS:
   modFile   : C:\xampp\htdocs\e-commerce\kc-cart\vqmod/xml/shopencart-news-blog.xml
   id        : 
   version   : 1.1
   vqmver    : 
   author    : Flo from shopencart.com

File Name    : catalog/view/theme/*/template/common/footer.tpl(0)
VQModObject::applyMod - SEARCH NOT FOUND (ABORTING MOD): <li><a href="<?php echo $special; ?>"><?php echo $text_special; ?></a></li>
----------------------------------------------------------------------


---------- Date: 2017-07-17 10:09:04 ~ IP : ::1 ----------
REQUEST URI : /e-commerce/kc-cart/index.php?route=common/home
MOD DETAILS:
   modFile   : C:\xampp\htdocs\e-commerce\kc-cart\vqmod/xml/shopencart-news-blog.xml
   id        : 
   version   : 1.1
   vqmver    : 
   author    : Flo from shopencart.com

File Name    : catalog/view/theme/*/template/common/footer.tpl(0)
VQModObject::applyMod - SEARCH NOT FOUND (ABORTING MOD): <li><a href="<?php echo $special; ?>"><?php echo $text_special; ?></a></li>
----------------------------------------------------------------------


---------- Date: 2017-07-17 10:12:56 ~ IP : ::1 ----------
REQUEST URI : /e-commerce/kc-cart/index.php?route=common/home
MOD DETAILS:
   modFile   : C:\xampp\htdocs\e-commerce\kc-cart\vqmod/xml/shopencart-news-blog.xml
   id        : 
   version   : 1.1
   vqmver    : 
   author    : Flo from shopencart.com

File Name    : catalog/view/theme/*/template/common/footer.tpl(0)
VQModObject::applyMod - SEARCH NOT FOUND (ABORTING MOD): <li><a href="<?php echo $special; ?>"><?php echo $text_special; ?></a></li>
----------------------------------------------------------------------


---------- Date: 2017-07-17 10:14:03 ~ IP : ::1 ----------
REQUEST URI : /e-commerce/kc-cart/index.php?route=common/home
MOD DETAILS:
   modFile   : C:\xampp\htdocs\e-commerce\kc-cart\vqmod/xml/shopencart-news-blog.xml
   id        : 
   version   : 1.1
   vqmver    : 
   author    : Flo from shopencart.com

File Name    : catalog/view/theme/*/template/common/footer.tpl(0)
VQModObject::applyMod - SEARCH NOT FOUND (ABORTING MOD): <li><a href="<?php echo $special; ?>"><?php echo $text_special; ?></a></li>
----------------------------------------------------------------------


---------- Date: 2017-07-17 10:27:17 ~ IP : ::1 ----------
REQUEST URI : /e-commerce/kc-cart/index.php?route=information/contact
MOD DETAILS:
   modFile   : C:\xampp\htdocs\e-commerce\kc-cart\vqmod/xml/shopencart-news-blog.xml
   id        : 
   version   : 1.1
   vqmver    : 
   author    : Flo from shopencart.com

File Name    : catalog/view/theme/*/template/common/footer.tpl(0)
VQModObject::applyMod - SEARCH NOT FOUND (ABORTING MOD): <li><a href="<?php echo $special; ?>"><?php echo $text_special; ?></a></li>
----------------------------------------------------------------------


---------- Date: 2017-07-17 10:28:40 ~ IP : ::1 ----------
REQUEST URI : /e-commerce/kc-cart/index.php?route=information/contact
MOD DETAILS:
   modFile   : C:\xampp\htdocs\e-commerce\kc-cart\vqmod/xml/shopencart-news-blog.xml
   id        : 
   version   : 1.1
   vqmver    : 
   author    : Flo from shopencart.com

File Name    : catalog/view/theme/*/template/common/footer.tpl(0)
VQModObject::applyMod - SEARCH NOT FOUND (ABORTING MOD): <li><a href="<?php echo $special; ?>"><?php echo $text_special; ?></a></li>
----------------------------------------------------------------------


---------- Date: 2017-07-17 10:35:27 ~ IP : ::1 ----------
REQUEST URI : /e-commerce/kc-cart/index.php?route=information/contact
MOD DETAILS:
   modFile   : C:\xampp\htdocs\e-commerce\kc-cart\vqmod/xml/shopencart-news-blog.xml
   id        : 
   version   : 1.1
   vqmver    : 
   author    : Flo from shopencart.com

File Name    : catalog/view/theme/*/template/common/footer.tpl(0)
VQModObject::applyMod - SEARCH NOT FOUND (ABORTING MOD): <li><a href="<?php echo $special; ?>"><?php echo $text_special; ?></a></li>
----------------------------------------------------------------------


---------- Date: 2017-07-17 10:38:57 ~ IP : ::1 ----------
REQUEST URI : /e-commerce/kc-cart/index.php?route=information/contact
MOD DETAILS:
   modFile   : C:\xampp\htdocs\e-commerce\kc-cart\vqmod/xml/shopencart-news-blog.xml
   id        : 
   version   : 1.1
   vqmver    : 
   author    : Flo from shopencart.com

File Name    : catalog/view/theme/*/template/common/footer.tpl(0)
VQModObject::applyMod - SEARCH NOT FOUND (ABORTING MOD): <li><a href="<?php echo $special; ?>"><?php echo $text_special; ?></a></li>
----------------------------------------------------------------------


---------- Date: 2017-07-17 10:48:10 ~ IP : ::1 ----------
REQUEST URI : /e-commerce/kc-cart/index.php?route=information/contact
MOD DETAILS:
   modFile   : C:\xampp\htdocs\e-commerce\kc-cart\vqmod/xml/shopencart-news-blog.xml
   id        : 
   version   : 1.1
   vqmver    : 
   author    : Flo from shopencart.com

File Name    : catalog/view/theme/*/template/common/footer.tpl(0)
VQModObject::applyMod - SEARCH NOT FOUND (ABORTING MOD): <li><a href="<?php echo $special; ?>"><?php echo $text_special; ?></a></li>
----------------------------------------------------------------------


---------- Date: 2017-07-17 10:49:15 ~ IP : ::1 ----------
REQUEST URI : /e-commerce/kc-cart/index.php?route=information/contact
MOD DETAILS:
   modFile   : C:\xampp\htdocs\e-commerce\kc-cart\vqmod/xml/shopencart-news-blog.xml
   id        : 
   version   : 1.1
   vqmver    : 
   author    : Flo from shopencart.com

File Name    : catalog/view/theme/*/template/common/footer.tpl(0)
VQModObject::applyMod - SEARCH NOT FOUND (ABORTING MOD): <li><a href="<?php echo $special; ?>"><?php echo $text_special; ?></a></li>
----------------------------------------------------------------------


---------- Date: 2017-07-17 10:52:18 ~ IP : ::1 ----------
REQUEST URI : /e-commerce/kc-cart/index.php?route=information/contact
MOD DETAILS:
   modFile   : C:\xampp\htdocs\e-commerce\kc-cart\vqmod/xml/shopencart-news-blog.xml
   id        : 
   version   : 1.1
   vqmver    : 
   author    : Flo from shopencart.com

File Name    : catalog/view/theme/*/template/common/footer.tpl(0)
VQModObject::applyMod - SEARCH NOT FOUND (ABORTING MOD): <li><a href="<?php echo $special; ?>"><?php echo $text_special; ?></a></li>
----------------------------------------------------------------------


---------- Date: 2017-07-17 10:53:14 ~ IP : ::1 ----------
REQUEST URI : /e-commerce/kc-cart/index.php?route=information/contact
MOD DETAILS:
   modFile   : C:\xampp\htdocs\e-commerce\kc-cart\vqmod/xml/shopencart-news-blog.xml
   id        : 
   version   : 1.1
   vqmver    : 
   author    : Flo from shopencart.com

File Name    : catalog/view/theme/*/template/common/footer.tpl(0)
VQModObject::applyMod - SEARCH NOT FOUND (ABORTING MOD): <li><a href="<?php echo $special; ?>"><?php echo $text_special; ?></a></li>
----------------------------------------------------------------------


---------- Date: 2017-07-17 11:19:18 ~ IP : ::1 ----------
REQUEST URI : /e-commerce/kc-cart/index.php?route=information/contact
MOD DETAILS:
   modFile   : C:\xampp\htdocs\e-commerce\kc-cart\vqmod/xml/shopencart-news-blog.xml
   id        : 
   version   : 1.1
   vqmver    : 
   author    : Flo from shopencart.com

File Name    : catalog/view/theme/*/template/common/footer.tpl(0)
VQModObject::applyMod - SEARCH NOT FOUND (ABORTING MOD): <li><a href="<?php echo $special; ?>"><?php echo $text_special; ?></a></li>
----------------------------------------------------------------------


---------- Date: 2017-07-17 11:20:44 ~ IP : ::1 ----------
REQUEST URI : /e-commerce/kc-cart/index.php?route=information/contact
MOD DETAILS:
   modFile   : C:\xampp\htdocs\e-commerce\kc-cart\vqmod/xml/shopencart-news-blog.xml
   id        : 
   version   : 1.1
   vqmver    : 
   author    : Flo from shopencart.com

File Name    : catalog/view/theme/*/template/common/footer.tpl(0)
VQModObject::applyMod - SEARCH NOT FOUND (ABORTING MOD): <li><a href="<?php echo $special; ?>"><?php echo $text_special; ?></a></li>
----------------------------------------------------------------------


---------- Date: 2017-07-17 11:24:17 ~ IP : ::1 ----------
REQUEST URI : /e-commerce/kc-cart/index.php?route=information/contact
MOD DETAILS:
   modFile   : C:\xampp\htdocs\e-commerce\kc-cart\vqmod/xml/shopencart-news-blog.xml
   id        : 
   version   : 1.1
   vqmver    : 
   author    : Flo from shopencart.com

File Name    : catalog/view/theme/*/template/common/footer.tpl(0)
VQModObject::applyMod - SEARCH NOT FOUND (ABORTING MOD): <li><a href="<?php echo $special; ?>"><?php echo $text_special; ?></a></li>
----------------------------------------------------------------------


---------- Date: 2017-07-17 11:24:30 ~ IP : ::1 ----------
REQUEST URI : /e-commerce/kc-cart/index.php?route=information/contact
MOD DETAILS:
   modFile   : C:\xampp\htdocs\e-commerce\kc-cart\vqmod/xml/shopencart-news-blog.xml
   id        : 
   version   : 1.1
   vqmver    : 
   author    : Flo from shopencart.com

File Name    : catalog/view/theme/*/template/common/footer.tpl(0)
VQModObject::applyMod - SEARCH NOT FOUND (ABORTING MOD): <li><a href="<?php echo $special; ?>"><?php echo $text_special; ?></a></li>
----------------------------------------------------------------------


---------- Date: 2017-07-17 11:26:28 ~ IP : ::1 ----------
REQUEST URI : /e-commerce/kc-cart/index.php?route=information/contact
MOD DETAILS:
   modFile   : C:\xampp\htdocs\e-commerce\kc-cart\vqmod/xml/shopencart-news-blog.xml
   id        : 
   version   : 1.1
   vqmver    : 
   author    : Flo from shopencart.com

File Name    : catalog/view/theme/*/template/common/footer.tpl(0)
VQModObject::applyMod - SEARCH NOT FOUND (ABORTING MOD): <li><a href="<?php echo $special; ?>"><?php echo $text_special; ?></a></li>
----------------------------------------------------------------------


---------- Date: 2017-07-17 11:27:57 ~ IP : ::1 ----------
REQUEST URI : /e-commerce/kc-cart/index.php?route=information/contact
MOD DETAILS:
   modFile   : C:\xampp\htdocs\e-commerce\kc-cart\vqmod/xml/shopencart-news-blog.xml
   id        : 
   version   : 1.1
   vqmver    : 
   author    : Flo from shopencart.com

File Name    : catalog/view/theme/*/template/common/footer.tpl(0)
VQModObject::applyMod - SEARCH NOT FOUND (ABORTING MOD): <li><a href="<?php echo $special; ?>"><?php echo $text_special; ?></a></li>
----------------------------------------------------------------------


---------- Date: 2017-07-17 11:33:09 ~ IP : ::1 ----------
REQUEST URI : /e-commerce/kc-cart/index.php?route=information/contact
MOD DETAILS:
   modFile   : C:\xampp\htdocs\e-commerce\kc-cart\vqmod/xml/shopencart-news-blog.xml
   id        : 
   version   : 1.1
   vqmver    : 
   author    : Flo from shopencart.com

File Name    : catalog/view/theme/*/template/common/footer.tpl(0)
VQModObject::applyMod - SEARCH NOT FOUND (ABORTING MOD): <li><a href="<?php echo $special; ?>"><?php echo $text_special; ?></a></li>
----------------------------------------------------------------------


---------- Date: 2017-07-17 11:34:06 ~ IP : ::1 ----------
REQUEST URI : /e-commerce/kc-cart/index.php?route=information/contact
MOD DETAILS:
   modFile   : C:\xampp\htdocs\e-commerce\kc-cart\vqmod/xml/shopencart-news-blog.xml
   id        : 
   version   : 1.1
   vqmver    : 
   author    : Flo from shopencart.com

File Name    : catalog/view/theme/*/template/common/footer.tpl(0)
VQModObject::applyMod - SEARCH NOT FOUND (ABORTING MOD): <li><a href="<?php echo $special; ?>"><?php echo $text_special; ?></a></li>
----------------------------------------------------------------------


---------- Date: 2017-07-17 11:51:33 ~ IP : ::1 ----------
REQUEST URI : /e-commerce/kc-cart/index.php?route=information/contact
MOD DETAILS:
   modFile   : C:\xampp\htdocs\e-commerce\kc-cart\vqmod/xml/shopencart-news-blog.xml
   id        : 
   version   : 1.1
   vqmver    : 
   author    : Flo from shopencart.com

File Name    : catalog/view/theme/*/template/common/footer.tpl(0)
VQModObject::applyMod - SEARCH NOT FOUND (ABORTING MOD): <li><a href="<?php echo $special; ?>"><?php echo $text_special; ?></a></li>
----------------------------------------------------------------------


---------- Date: 2017-07-17 11:57:48 ~ IP : ::1 ----------
REQUEST URI : /e-commerce/kc-cart/index.php?route=information/contact
MOD DETAILS:
   modFile   : C:\xampp\htdocs\e-commerce\kc-cart\vqmod/xml/shopencart-news-blog.xml
   id        : 
   version   : 1.1
   vqmver    : 
   author    : Flo from shopencart.com

File Name    : catalog/view/theme/*/template/common/footer.tpl(0)
VQModObject::applyMod - SEARCH NOT FOUND (ABORTING MOD): <li><a href="<?php echo $special; ?>"><?php echo $text_special; ?></a></li>
----------------------------------------------------------------------


---------- Date: 2017-07-17 13:28:55 ~ IP : ::1 ----------
REQUEST URI : /e-commerce/kc-cart/index.php?route=information/contact
MOD DETAILS:
   modFile   : C:\xampp\htdocs\e-commerce\kc-cart\vqmod/xml/shopencart-news-blog.xml
   id        : 
   version   : 1.1
   vqmver    : 
   author    : Flo from shopencart.com

File Name    : catalog/view/theme/*/template/common/footer.tpl(0)
VQModObject::applyMod - SEARCH NOT FOUND (ABORTING MOD): <li><a href="<?php echo $special; ?>"><?php echo $text_special; ?></a></li>
----------------------------------------------------------------------


---------- Date: 2017-07-17 13:34:03 ~ IP : ::1 ----------
REQUEST URI : /e-commerce/kc-cart/index.php?route=information/contact
MOD DETAILS:
   modFile   : C:\xampp\htdocs\e-commerce\kc-cart\vqmod/xml/shopencart-news-blog.xml
   id        : 
   version   : 1.1
   vqmver    : 
   author    : Flo from shopencart.com

File Name    : catalog/view/theme/*/template/common/footer.tpl(0)
VQModObject::applyMod - SEARCH NOT FOUND (ABORTING MOD): <li><a href="<?php echo $special; ?>"><?php echo $text_special; ?></a></li>
----------------------------------------------------------------------


---------- Date: 2017-07-17 13:34:19 ~ IP : ::1 ----------
REQUEST URI : /e-commerce/kc-cart/index.php?route=information/contact
MOD DETAILS:
   modFile   : C:\xampp\htdocs\e-commerce\kc-cart\vqmod/xml/shopencart-news-blog.xml
   id        : 
   version   : 1.1
   vqmver    : 
   author    : Flo from shopencart.com

File Name    : catalog/view/theme/*/template/common/footer.tpl(0)
VQModObject::applyMod - SEARCH NOT FOUND (ABORTING MOD): <li><a href="<?php echo $special; ?>"><?php echo $text_special; ?></a></li>
----------------------------------------------------------------------


---------- Date: 2017-07-17 13:46:58 ~ IP : ::1 ----------
REQUEST URI : /e-commerce/kc-cart/index.php?route=information/contact
MOD DETAILS:
   modFile   : C:\xampp\htdocs\e-commerce\kc-cart\vqmod/xml/shopencart-news-blog.xml
   id        : 
   version   : 1.1
   vqmver    : 
   author    : Flo from shopencart.com

File Name    : catalog/view/theme/*/template/common/footer.tpl(0)
VQModObject::applyMod - SEARCH NOT FOUND (ABORTING MOD): <li><a href="<?php echo $special; ?>"><?php echo $text_special; ?></a></li>
----------------------------------------------------------------------


---------- Date: 2017-07-17 13:47:06 ~ IP : ::1 ----------
REQUEST URI : /e-commerce/kc-cart/index.php?route=information/contact
MOD DETAILS:
   modFile   : C:\xampp\htdocs\e-commerce\kc-cart\vqmod/xml/shopencart-news-blog.xml
   id        : 
   version   : 1.1
   vqmver    : 
   author    : Flo from shopencart.com

File Name    : catalog/view/theme/*/template/common/footer.tpl(0)
VQModObject::applyMod - SEARCH NOT FOUND (ABORTING MOD): <li><a href="<?php echo $special; ?>"><?php echo $text_special; ?></a></li>
----------------------------------------------------------------------


---------- Date: 2017-07-17 13:47:35 ~ IP : ::1 ----------
REQUEST URI : /e-commerce/kc-cart/index.php?route=information/contact
MOD DETAILS:
   modFile   : C:\xampp\htdocs\e-commerce\kc-cart\vqmod/xml/shopencart-news-blog.xml
   id        : 
   version   : 1.1
   vqmver    : 
   author    : Flo from shopencart.com

File Name    : catalog/view/theme/*/template/common/footer.tpl(0)
VQModObject::applyMod - SEARCH NOT FOUND (ABORTING MOD): <li><a href="<?php echo $special; ?>"><?php echo $text_special; ?></a></li>
----------------------------------------------------------------------


---------- Date: 2017-07-17 13:47:46 ~ IP : ::1 ----------
REQUEST URI : /e-commerce/kc-cart/index.php?route=information/contact
MOD DETAILS:
   modFile   : C:\xampp\htdocs\e-commerce\kc-cart\vqmod/xml/shopencart-news-blog.xml
   id        : 
   version   : 1.1
   vqmver    : 
   author    : Flo from shopencart.com

File Name    : catalog/view/theme/*/template/common/footer.tpl(0)
VQModObject::applyMod - SEARCH NOT FOUND (ABORTING MOD): <li><a href="<?php echo $special; ?>"><?php echo $text_special; ?></a></li>
----------------------------------------------------------------------


---------- Date: 2017-07-17 13:48:06 ~ IP : ::1 ----------
REQUEST URI : /e-commerce/kc-cart/index.php?route=information/contact
MOD DETAILS:
   modFile   : C:\xampp\htdocs\e-commerce\kc-cart\vqmod/xml/shopencart-news-blog.xml
   id        : 
   version   : 1.1
   vqmver    : 
   author    : Flo from shopencart.com

File Name    : catalog/view/theme/*/template/common/footer.tpl(0)
VQModObject::applyMod - SEARCH NOT FOUND (ABORTING MOD): <li><a href="<?php echo $special; ?>"><?php echo $text_special; ?></a></li>
----------------------------------------------------------------------


---------- Date: 2017-07-17 13:48:14 ~ IP : ::1 ----------
REQUEST URI : /e-commerce/kc-cart/index.php?route=information/contact
MOD DETAILS:
   modFile   : C:\xampp\htdocs\e-commerce\kc-cart\vqmod/xml/shopencart-news-blog.xml
   id        : 
   version   : 1.1
   vqmver    : 
   author    : Flo from shopencart.com

File Name    : catalog/view/theme/*/template/common/footer.tpl(0)
VQModObject::applyMod - SEARCH NOT FOUND (ABORTING MOD): <li><a href="<?php echo $special; ?>"><?php echo $text_special; ?></a></li>
----------------------------------------------------------------------


---------- Date: 2017-07-17 13:48:27 ~ IP : ::1 ----------
REQUEST URI : /e-commerce/kc-cart/index.php?route=information/contact
MOD DETAILS:
   modFile   : C:\xampp\htdocs\e-commerce\kc-cart\vqmod/xml/shopencart-news-blog.xml
   id        : 
   version   : 1.1
   vqmver    : 
   author    : Flo from shopencart.com

File Name    : catalog/view/theme/*/template/common/footer.tpl(0)
VQModObject::applyMod - SEARCH NOT FOUND (ABORTING MOD): <li><a href="<?php echo $special; ?>"><?php echo $text_special; ?></a></li>
----------------------------------------------------------------------


---------- Date: 2017-07-17 13:49:21 ~ IP : ::1 ----------
REQUEST URI : /e-commerce/kc-cart/index.php?route=information/contact
MOD DETAILS:
   modFile   : C:\xampp\htdocs\e-commerce\kc-cart\vqmod/xml/shopencart-news-blog.xml
   id        : 
   version   : 1.1
   vqmver    : 
   author    : Flo from shopencart.com

File Name    : catalog/view/theme/*/template/common/footer.tpl(0)
VQModObject::applyMod - SEARCH NOT FOUND (ABORTING MOD): <li><a href="<?php echo $special; ?>"><?php echo $text_special; ?></a></li>
----------------------------------------------------------------------


---------- Date: 2017-07-17 13:49:25 ~ IP : ::1 ----------
REQUEST URI : /e-commerce/kc-cart/index.php?route=information/contact
MOD DETAILS:
   modFile   : C:\xampp\htdocs\e-commerce\kc-cart\vqmod/xml/shopencart-news-blog.xml
   id        : 
   version   : 1.1
   vqmver    : 
   author    : Flo from shopencart.com

File Name    : catalog/view/theme/*/template/common/footer.tpl(0)
VQModObject::applyMod - SEARCH NOT FOUND (ABORTING MOD): <li><a href="<?php echo $special; ?>"><?php echo $text_special; ?></a></li>
----------------------------------------------------------------------


---------- Date: 2017-07-17 13:53:51 ~ IP : ::1 ----------
REQUEST URI : /e-commerce/kc-cart/index.php?route=information/contact
MOD DETAILS:
   modFile   : C:\xampp\htdocs\e-commerce\kc-cart\vqmod/xml/shopencart-news-blog.xml
   id        : 
   version   : 1.1
   vqmver    : 
   author    : Flo from shopencart.com

File Name    : catalog/view/theme/*/template/common/footer.tpl(0)
VQModObject::applyMod - SEARCH NOT FOUND (ABORTING MOD): <li><a href="<?php echo $special; ?>"><?php echo $text_special; ?></a></li>
----------------------------------------------------------------------


---------- Date: 2017-07-17 13:54:42 ~ IP : ::1 ----------
REQUEST URI : /e-commerce/kc-cart/index.php?route=information/contact
MOD DETAILS:
   modFile   : C:\xampp\htdocs\e-commerce\kc-cart\vqmod/xml/shopencart-news-blog.xml
   id        : 
   version   : 1.1
   vqmver    : 
   author    : Flo from shopencart.com

File Name    : catalog/view/theme/*/template/common/footer.tpl(0)
VQModObject::applyMod - SEARCH NOT FOUND (ABORTING MOD): <li><a href="<?php echo $special; ?>"><?php echo $text_special; ?></a></li>
----------------------------------------------------------------------


---------- Date: 2017-07-17 13:54:58 ~ IP : ::1 ----------
REQUEST URI : /e-commerce/kc-cart/index.php?route=information/contact
MOD DETAILS:
   modFile   : C:\xampp\htdocs\e-commerce\kc-cart\vqmod/xml/shopencart-news-blog.xml
   id        : 
   version   : 1.1
   vqmver    : 
   author    : Flo from shopencart.com

File Name    : catalog/view/theme/*/template/common/footer.tpl(0)
VQModObject::applyMod - SEARCH NOT FOUND (ABORTING MOD): <li><a href="<?php echo $special; ?>"><?php echo $text_special; ?></a></li>
----------------------------------------------------------------------


---------- Date: 2017-07-17 13:55:05 ~ IP : ::1 ----------
REQUEST URI : /e-commerce/kc-cart/index.php?route=information/contact
MOD DETAILS:
   modFile   : C:\xampp\htdocs\e-commerce\kc-cart\vqmod/xml/shopencart-news-blog.xml
   id        : 
   version   : 1.1
   vqmver    : 
   author    : Flo from shopencart.com

File Name    : catalog/view/theme/*/template/common/footer.tpl(0)
VQModObject::applyMod - SEARCH NOT FOUND (ABORTING MOD): <li><a href="<?php echo $special; ?>"><?php echo $text_special; ?></a></li>
----------------------------------------------------------------------


---------- Date: 2017-07-17 13:55:14 ~ IP : ::1 ----------
REQUEST URI : /e-commerce/kc-cart/index.php?route=information/contact
MOD DETAILS:
   modFile   : C:\xampp\htdocs\e-commerce\kc-cart\vqmod/xml/shopencart-news-blog.xml
   id        : 
   version   : 1.1
   vqmver    : 
   author    : Flo from shopencart.com

File Name    : catalog/view/theme/*/template/common/footer.tpl(0)
VQModObject::applyMod - SEARCH NOT FOUND (ABORTING MOD): <li><a href="<?php echo $special; ?>"><?php echo $text_special; ?></a></li>
----------------------------------------------------------------------


---------- Date: 2017-07-17 13:57:29 ~ IP : ::1 ----------
REQUEST URI : /e-commerce/kc-cart/index.php?route=information/information&information_id=5
MOD DETAILS:
   modFile   : C:\xampp\htdocs\e-commerce\kc-cart\vqmod/xml/shopencart-news-blog.xml
   id        : 
   version   : 1.1
   vqmver    : 
   author    : Flo from shopencart.com

File Name    : catalog/view/theme/*/template/common/footer.tpl(0)
VQModObject::applyMod - SEARCH NOT FOUND (ABORTING MOD): <li><a href="<?php echo $special; ?>"><?php echo $text_special; ?></a></li>
----------------------------------------------------------------------


---------- Date: 2017-07-17 13:58:16 ~ IP : ::1 ----------
REQUEST URI : /e-commerce/kc-cart/index.php?route=information/information&information_id=5
MOD DETAILS:
   modFile   : C:\xampp\htdocs\e-commerce\kc-cart\vqmod/xml/shopencart-news-blog.xml
   id        : 
   version   : 1.1
   vqmver    : 
   author    : Flo from shopencart.com

File Name    : catalog/view/theme/*/template/common/footer.tpl(0)
VQModObject::applyMod - SEARCH NOT FOUND (ABORTING MOD): <li><a href="<?php echo $special; ?>"><?php echo $text_special; ?></a></li>
----------------------------------------------------------------------


---------- Date: 2017-07-17 14:02:35 ~ IP : ::1 ----------
REQUEST URI : /e-commerce/kc-cart/index.php?route=information/information&information_id=5
MOD DETAILS:
   modFile   : C:\xampp\htdocs\e-commerce\kc-cart\vqmod/xml/shopencart-news-blog.xml
   id        : 
   version   : 1.1
   vqmver    : 
   author    : Flo from shopencart.com

File Name    : catalog/view/theme/*/template/common/footer.tpl(0)
VQModObject::applyMod - SEARCH NOT FOUND (ABORTING MOD): <li><a href="<?php echo $special; ?>"><?php echo $text_special; ?></a></li>
----------------------------------------------------------------------


---------- Date: 2017-07-17 14:06:11 ~ IP : ::1 ----------
REQUEST URI : /e-commerce/kc-cart/index.php?route=information/information&information_id=5
MOD DETAILS:
   modFile   : C:\xampp\htdocs\e-commerce\kc-cart\vqmod/xml/shopencart-news-blog.xml
   id        : 
   version   : 1.1
   vqmver    : 
   author    : Flo from shopencart.com

File Name    : catalog/view/theme/*/template/common/footer.tpl(0)
VQModObject::applyMod - SEARCH NOT FOUND (ABORTING MOD): <li><a href="<?php echo $special; ?>"><?php echo $text_special; ?></a></li>
----------------------------------------------------------------------


---------- Date: 2017-07-17 14:07:21 ~ IP : ::1 ----------
REQUEST URI : /e-commerce/kc-cart/index.php?route=information/information&information_id=5
MOD DETAILS:
   modFile   : C:\xampp\htdocs\e-commerce\kc-cart\vqmod/xml/shopencart-news-blog.xml
   id        : 
   version   : 1.1
   vqmver    : 
   author    : Flo from shopencart.com

File Name    : catalog/view/theme/*/template/common/footer.tpl(0)
VQModObject::applyMod - SEARCH NOT FOUND (ABORTING MOD): <li><a href="<?php echo $special; ?>"><?php echo $text_special; ?></a></li>
----------------------------------------------------------------------


---------- Date: 2017-07-17 14:07:46 ~ IP : ::1 ----------
REQUEST URI : /e-commerce/kc-cart/index.php?route=information/information&information_id=5
MOD DETAILS:
   modFile   : C:\xampp\htdocs\e-commerce\kc-cart\vqmod/xml/shopencart-news-blog.xml
   id        : 
   version   : 1.1
   vqmver    : 
   author    : Flo from shopencart.com

File Name    : catalog/view/theme/*/template/common/footer.tpl(0)
VQModObject::applyMod - SEARCH NOT FOUND (ABORTING MOD): <li><a href="<?php echo $special; ?>"><?php echo $text_special; ?></a></li>
----------------------------------------------------------------------


---------- Date: 2017-07-17 14:08:17 ~ IP : ::1 ----------
REQUEST URI : /e-commerce/kc-cart/index.php?route=information/information&information_id=5
MOD DETAILS:
   modFile   : C:\xampp\htdocs\e-commerce\kc-cart\vqmod/xml/shopencart-news-blog.xml
   id        : 
   version   : 1.1
   vqmver    : 
   author    : Flo from shopencart.com

File Name    : catalog/view/theme/*/template/common/footer.tpl(0)
VQModObject::applyMod - SEARCH NOT FOUND (ABORTING MOD): <li><a href="<?php echo $special; ?>"><?php echo $text_special; ?></a></li>
----------------------------------------------------------------------


---------- Date: 2017-07-17 14:08:48 ~ IP : ::1 ----------
REQUEST URI : /e-commerce/kc-cart/index.php?route=information/information&information_id=5
MOD DETAILS:
   modFile   : C:\xampp\htdocs\e-commerce\kc-cart\vqmod/xml/shopencart-news-blog.xml
   id        : 
   version   : 1.1
   vqmver    : 
   author    : Flo from shopencart.com

File Name    : catalog/view/theme/*/template/common/footer.tpl(0)
VQModObject::applyMod - SEARCH NOT FOUND (ABORTING MOD): <li><a href="<?php echo $special; ?>"><?php echo $text_special; ?></a></li>
----------------------------------------------------------------------


---------- Date: 2017-07-17 14:11:11 ~ IP : ::1 ----------
REQUEST URI : /e-commerce/kc-cart/index.php?route=information/information&information_id=5
MOD DETAILS:
   modFile   : C:\xampp\htdocs\e-commerce\kc-cart\vqmod/xml/shopencart-news-blog.xml
   id        : 
   version   : 1.1
   vqmver    : 
   author    : Flo from shopencart.com

File Name    : catalog/view/theme/*/template/common/footer.tpl(0)
VQModObject::applyMod - SEARCH NOT FOUND (ABORTING MOD): <li><a href="<?php echo $special; ?>"><?php echo $text_special; ?></a></li>
----------------------------------------------------------------------


---------- Date: 2017-07-17 14:14:12 ~ IP : ::1 ----------
REQUEST URI : /e-commerce/kc-cart/index.php?route=information/contact
MOD DETAILS:
   modFile   : C:\xampp\htdocs\e-commerce\kc-cart\vqmod/xml/shopencart-news-blog.xml
   id        : 
   version   : 1.1
   vqmver    : 
   author    : Flo from shopencart.com

File Name    : catalog/view/theme/*/template/common/footer.tpl(0)
VQModObject::applyMod - SEARCH NOT FOUND (ABORTING MOD): <li><a href="<?php echo $special; ?>"><?php echo $text_special; ?></a></li>
----------------------------------------------------------------------


---------- Date: 2017-07-17 14:14:48 ~ IP : ::1 ----------
REQUEST URI : /e-commerce/kc-cart/index.php?route=information/contact
MOD DETAILS:
   modFile   : C:\xampp\htdocs\e-commerce\kc-cart\vqmod/xml/shopencart-news-blog.xml
   id        : 
   version   : 1.1
   vqmver    : 
   author    : Flo from shopencart.com

File Name    : catalog/view/theme/*/template/common/footer.tpl(0)
VQModObject::applyMod - SEARCH NOT FOUND (ABORTING MOD): <li><a href="<?php echo $special; ?>"><?php echo $text_special; ?></a></li>
----------------------------------------------------------------------


---------- Date: 2017-07-17 14:18:07 ~ IP : ::1 ----------
REQUEST URI : /e-commerce/kc-cart/index.php?route=information/contact
MOD DETAILS:
   modFile   : C:\xampp\htdocs\e-commerce\kc-cart\vqmod/xml/shopencart-news-blog.xml
   id        : 
   version   : 1.1
   vqmver    : 
   author    : Flo from shopencart.com

File Name    : catalog/view/theme/*/template/common/footer.tpl(0)
VQModObject::applyMod - SEARCH NOT FOUND (ABORTING MOD): <li><a href="<?php echo $special; ?>"><?php echo $text_special; ?></a></li>
----------------------------------------------------------------------


---------- Date: 2017-07-17 14:19:15 ~ IP : ::1 ----------
REQUEST URI : /e-commerce/kc-cart/index.php?route=information/contact
MOD DETAILS:
   modFile   : C:\xampp\htdocs\e-commerce\kc-cart\vqmod/xml/shopencart-news-blog.xml
   id        : 
   version   : 1.1
   vqmver    : 
   author    : Flo from shopencart.com

File Name    : catalog/view/theme/*/template/common/footer.tpl(0)
VQModObject::applyMod - SEARCH NOT FOUND (ABORTING MOD): <li><a href="<?php echo $special; ?>"><?php echo $text_special; ?></a></li>
----------------------------------------------------------------------


---------- Date: 2017-07-17 14:19:31 ~ IP : ::1 ----------
REQUEST URI : /e-commerce/kc-cart/index.php?route=information/contact
MOD DETAILS:
   modFile   : C:\xampp\htdocs\e-commerce\kc-cart\vqmod/xml/shopencart-news-blog.xml
   id        : 
   version   : 1.1
   vqmver    : 
   author    : Flo from shopencart.com

File Name    : catalog/view/theme/*/template/common/footer.tpl(0)
VQModObject::applyMod - SEARCH NOT FOUND (ABORTING MOD): <li><a href="<?php echo $special; ?>"><?php echo $text_special; ?></a></li>
----------------------------------------------------------------------


---------- Date: 2017-07-17 14:19:37 ~ IP : ::1 ----------
REQUEST URI : /e-commerce/kc-cart/index.php?route=information/contact
MOD DETAILS:
   modFile   : C:\xampp\htdocs\e-commerce\kc-cart\vqmod/xml/shopencart-news-blog.xml
   id        : 
   version   : 1.1
   vqmver    : 
   author    : Flo from shopencart.com

File Name    : catalog/view/theme/*/template/common/footer.tpl(0)
VQModObject::applyMod - SEARCH NOT FOUND (ABORTING MOD): <li><a href="<?php echo $special; ?>"><?php echo $text_special; ?></a></li>
----------------------------------------------------------------------


---------- Date: 2017-07-17 14:19:42 ~ IP : ::1 ----------
REQUEST URI : /e-commerce/kc-cart/index.php?route=information/contact
MOD DETAILS:
   modFile   : C:\xampp\htdocs\e-commerce\kc-cart\vqmod/xml/shopencart-news-blog.xml
   id        : 
   version   : 1.1
   vqmver    : 
   author    : Flo from shopencart.com

File Name    : catalog/view/theme/*/template/common/footer.tpl(0)
VQModObject::applyMod - SEARCH NOT FOUND (ABORTING MOD): <li><a href="<?php echo $special; ?>"><?php echo $text_special; ?></a></li>
----------------------------------------------------------------------


---------- Date: 2017-07-17 14:19:50 ~ IP : ::1 ----------
REQUEST URI : /e-commerce/kc-cart/index.php?route=information/contact
MOD DETAILS:
   modFile   : C:\xampp\htdocs\e-commerce\kc-cart\vqmod/xml/shopencart-news-blog.xml
   id        : 
   version   : 1.1
   vqmver    : 
   author    : Flo from shopencart.com

File Name    : catalog/view/theme/*/template/common/footer.tpl(0)
VQModObject::applyMod - SEARCH NOT FOUND (ABORTING MOD): <li><a href="<?php echo $special; ?>"><?php echo $text_special; ?></a></li>
----------------------------------------------------------------------


---------- Date: 2017-07-17 14:20:11 ~ IP : ::1 ----------
REQUEST URI : /e-commerce/kc-cart/index.php?route=information/contact
MOD DETAILS:
   modFile   : C:\xampp\htdocs\e-commerce\kc-cart\vqmod/xml/shopencart-news-blog.xml
   id        : 
   version   : 1.1
   vqmver    : 
   author    : Flo from shopencart.com

File Name    : catalog/view/theme/*/template/common/footer.tpl(0)
VQModObject::applyMod - SEARCH NOT FOUND (ABORTING MOD): <li><a href="<?php echo $special; ?>"><?php echo $text_special; ?></a></li>
----------------------------------------------------------------------


---------- Date: 2017-07-17 14:28:14 ~ IP : ::1 ----------
REQUEST URI : /e-commerce/kc-cart/index.php?route=information/contact
MOD DETAILS:
   modFile   : C:\xampp\htdocs\e-commerce\kc-cart\vqmod/xml/shopencart-news-blog.xml
   id        : 
   version   : 1.1
   vqmver    : 
   author    : Flo from shopencart.com

File Name    : catalog/view/theme/*/template/common/footer.tpl(0)
VQModObject::applyMod - SEARCH NOT FOUND (ABORTING MOD): <li><a href="<?php echo $special; ?>"><?php echo $text_special; ?></a></li>
----------------------------------------------------------------------


---------- Date: 2017-07-17 14:28:22 ~ IP : ::1 ----------
REQUEST URI : /e-commerce/kc-cart/index.php?route=information/contact
MOD DETAILS:
   modFile   : C:\xampp\htdocs\e-commerce\kc-cart\vqmod/xml/shopencart-news-blog.xml
   id        : 
   version   : 1.1
   vqmver    : 
   author    : Flo from shopencart.com

File Name    : catalog/view/theme/*/template/common/footer.tpl(0)
VQModObject::applyMod - SEARCH NOT FOUND (ABORTING MOD): <li><a href="<?php echo $special; ?>"><?php echo $text_special; ?></a></li>
----------------------------------------------------------------------


---------- Date: 2017-07-17 14:28:27 ~ IP : ::1 ----------
REQUEST URI : /e-commerce/kc-cart/index.php?route=information/contact
MOD DETAILS:
   modFile   : C:\xampp\htdocs\e-commerce\kc-cart\vqmod/xml/shopencart-news-blog.xml
   id        : 
   version   : 1.1
   vqmver    : 
   author    : Flo from shopencart.com

File Name    : catalog/view/theme/*/template/common/footer.tpl(0)
VQModObject::applyMod - SEARCH NOT FOUND (ABORTING MOD): <li><a href="<?php echo $special; ?>"><?php echo $text_special; ?></a></li>
----------------------------------------------------------------------


---------- Date: 2017-07-17 14:28:58 ~ IP : ::1 ----------
REQUEST URI : /e-commerce/kc-cart/index.php?route=information/contact
MOD DETAILS:
   modFile   : C:\xampp\htdocs\e-commerce\kc-cart\vqmod/xml/shopencart-news-blog.xml
   id        : 
   version   : 1.1
   vqmver    : 
   author    : Flo from shopencart.com

File Name    : catalog/view/theme/*/template/common/footer.tpl(0)
VQModObject::applyMod - SEARCH NOT FOUND (ABORTING MOD): <li><a href="<?php echo $special; ?>"><?php echo $text_special; ?></a></li>
----------------------------------------------------------------------


---------- Date: 2017-07-17 14:29:09 ~ IP : ::1 ----------
REQUEST URI : /e-commerce/kc-cart/index.php?route=information/contact
MOD DETAILS:
   modFile   : C:\xampp\htdocs\e-commerce\kc-cart\vqmod/xml/shopencart-news-blog.xml
   id        : 
   version   : 1.1
   vqmver    : 
   author    : Flo from shopencart.com

File Name    : catalog/view/theme/*/template/common/footer.tpl(0)
VQModObject::applyMod - SEARCH NOT FOUND (ABORTING MOD): <li><a href="<?php echo $special; ?>"><?php echo $text_special; ?></a></li>
----------------------------------------------------------------------


---------- Date: 2017-07-17 14:30:41 ~ IP : ::1 ----------
REQUEST URI : /e-commerce/kc-cart/index.php?route=information/contact
MOD DETAILS:
   modFile   : C:\xampp\htdocs\e-commerce\kc-cart\vqmod/xml/shopencart-news-blog.xml
   id        : 
   version   : 1.1
   vqmver    : 
   author    : Flo from shopencart.com

File Name    : catalog/view/theme/*/template/common/footer.tpl(0)
VQModObject::applyMod - SEARCH NOT FOUND (ABORTING MOD): <li><a href="<?php echo $special; ?>"><?php echo $text_special; ?></a></li>
----------------------------------------------------------------------


---------- Date: 2017-07-17 14:31:06 ~ IP : ::1 ----------
REQUEST URI : /e-commerce/kc-cart/index.php?route=information/contact
MOD DETAILS:
   modFile   : C:\xampp\htdocs\e-commerce\kc-cart\vqmod/xml/shopencart-news-blog.xml
   id        : 
   version   : 1.1
   vqmver    : 
   author    : Flo from shopencart.com

File Name    : catalog/view/theme/*/template/common/footer.tpl(0)
VQModObject::applyMod - SEARCH NOT FOUND (ABORTING MOD): <li><a href="<?php echo $special; ?>"><?php echo $text_special; ?></a></li>
----------------------------------------------------------------------


---------- Date: 2017-07-17 14:40:07 ~ IP : ::1 ----------
REQUEST URI : /e-commerce/kc-cart/index.php?route=information/contact
MOD DETAILS:
   modFile   : C:\xampp\htdocs\e-commerce\kc-cart\vqmod/xml/shopencart-news-blog.xml
   id        : 
   version   : 1.1
   vqmver    : 
   author    : Flo from shopencart.com

File Name    : catalog/view/theme/*/template/common/footer.tpl(0)
VQModObject::applyMod - SEARCH NOT FOUND (ABORTING MOD): <li><a href="<?php echo $special; ?>"><?php echo $text_special; ?></a></li>
----------------------------------------------------------------------


---------- Date: 2017-07-17 14:43:09 ~ IP : ::1 ----------
REQUEST URI : /e-commerce/kc-cart/index.php?route=information/contact
MOD DETAILS:
   modFile   : C:\xampp\htdocs\e-commerce\kc-cart\vqmod/xml/shopencart-news-blog.xml
   id        : 
   version   : 1.1
   vqmver    : 
   author    : Flo from shopencart.com

File Name    : catalog/view/theme/*/template/common/footer.tpl(0)
VQModObject::applyMod - SEARCH NOT FOUND (ABORTING MOD): <li><a href="<?php echo $special; ?>"><?php echo $text_special; ?></a></li>
----------------------------------------------------------------------


---------- Date: 2017-07-17 14:48:55 ~ IP : ::1 ----------
REQUEST URI : /e-commerce/kc-cart/index.php?route=information/contact
MOD DETAILS:
   modFile   : C:\xampp\htdocs\e-commerce\kc-cart\vqmod/xml/shopencart-news-blog.xml
   id        : 
   version   : 1.1
   vqmver    : 
   author    : Flo from shopencart.com

File Name    : catalog/view/theme/*/template/common/footer.tpl(0)
VQModObject::applyMod - SEARCH NOT FOUND (ABORTING MOD): <li><a href="<?php echo $special; ?>"><?php echo $text_special; ?></a></li>
----------------------------------------------------------------------


---------- Date: 2017-07-17 14:49:03 ~ IP : ::1 ----------
REQUEST URI : /e-commerce/kc-cart/index.php?route=information/contact
MOD DETAILS:
   modFile   : C:\xampp\htdocs\e-commerce\kc-cart\vqmod/xml/shopencart-news-blog.xml
   id        : 
   version   : 1.1
   vqmver    : 
   author    : Flo from shopencart.com

File Name    : catalog/view/theme/*/template/common/footer.tpl(0)
VQModObject::applyMod - SEARCH NOT FOUND (ABORTING MOD): <li><a href="<?php echo $special; ?>"><?php echo $text_special; ?></a></li>
----------------------------------------------------------------------


---------- Date: 2017-07-17 14:50:29 ~ IP : ::1 ----------
REQUEST URI : /e-commerce/kc-cart/index.php?route=information/contact
MOD DETAILS:
   modFile   : C:\xampp\htdocs\e-commerce\kc-cart\vqmod/xml/shopencart-news-blog.xml
   id        : 
   version   : 1.1
   vqmver    : 
   author    : Flo from shopencart.com

File Name    : catalog/view/theme/*/template/common/footer.tpl(0)
VQModObject::applyMod - SEARCH NOT FOUND (ABORTING MOD): <li><a href="<?php echo $special; ?>"><?php echo $text_special; ?></a></li>
----------------------------------------------------------------------


