---------- Date: 2017-07-14 15:05:29 ~ IP : ::1 ----------
REQUEST URI : /e-commerce/kc-cart/
MOD DETAILS:
   modFile   : C:\xampp\htdocs\e-commerce\kc-cart\vqmod/xml/xpayment.xml
   id        : 
   version   : 2.0
   vqmver    : 
   author    : OpenCartMart
VQModObject::parseMods - Could not resolve path for [catalog/controller/journal2/checkout.php] (SKIPPED)
VQModObject::parseMods - Could not resolve path for [catalog/model/journal2/checkout.php] (SKIPPED)
VQModObject::parseMods - Could not resolve path for [catalog/controller/checkout/simplecheckout_payment.php] (SKIPPED)
VQModObject::parseMods - Could not resolve path for [catalog/controller/checkout/simplecheckout.php] (SKIPPED)
VQModObject::parseMods - Could not resolve path for [catalog/controller/module/quickcheckout.php] (SKIPPED)
VQModObject::parseMods - Could not resolve path for [catalog/model/d_quickcheckout/method.php] (SKIPPED)
VQModObject::parseMods - Could not resolve path for [catalog/controller/d_quickcheckout/payment.php] (SKIPPED)
----------------------------------------------------------------------


---------- Date: 2017-07-14 16:29:08 ~ IP : ::1 ----------
REQUEST URI : /e-commerce/kc-cart/admin/index.php?route=common/dashboard&token=5eb84fc0ce079872c6ce8bc7f599df40
MOD DETAILS:
   modFile   : C:\xampp\htdocs\e-commerce\kc-cart\vqmod/xml/cc_and_bcc_emails.xml
   id        : CC and BCC Emails
   version   : 2.0.0.1
   vqmver    : 2.1.5
   author    : Soteri Panagou (panagos@gmail.com)

File Name    : admin/model/sale/order.php(0)
VQModObject::applyMod - SEARCH NOT FOUND (SKIPPED): $mail->send();

----------------------------------------------------------------------


---------- Date: 2017-07-14 16:56:44 ~ IP : ::1 ----------
REQUEST URI : /e-commerce/kc-cart/index.php?route=common/home
MOD DETAILS:
   modFile   : C:\xampp\htdocs\e-commerce\kc-cart\vqmod/xml/shopencart-news-blog.xml
   id        : 
   version   : 1.1
   vqmver    : 
   author    : Flo from shopencart.com

File Name    : catalog/view/theme/*/template/common/footer.tpl(0)
VQModObject::applyMod - SEARCH NOT FOUND (ABORTING MOD): <li><a href="<?php echo $special; ?>"><?php echo $text_special; ?></a></li>
----------------------------------------------------------------------


---------- Date: 2017-07-14 16:58:29 ~ IP : ::1 ----------
REQUEST URI : /e-commerce/kc-cart/index.php?route=common/home
MOD DETAILS:
   modFile   : C:\xampp\htdocs\e-commerce\kc-cart\vqmod/xml/shopencart-news-blog.xml
   id        : 
   version   : 1.1
   vqmver    : 
   author    : Flo from shopencart.com

File Name    : catalog/view/theme/*/template/common/footer.tpl(0)
VQModObject::applyMod - SEARCH NOT FOUND (ABORTING MOD): <li><a href="<?php echo $special; ?>"><?php echo $text_special; ?></a></li>
----------------------------------------------------------------------


---------- Date: 2017-07-14 17:01:58 ~ IP : ::1 ----------
REQUEST URI : /e-commerce/kc-cart/index.php?route=common/home
MOD DETAILS:
   modFile   : C:\xampp\htdocs\e-commerce\kc-cart\vqmod/xml/shopencart-news-blog.xml
   id        : 
   version   : 1.1
   vqmver    : 
   author    : Flo from shopencart.com

File Name    : catalog/view/theme/*/template/common/footer.tpl(0)
VQModObject::applyMod - SEARCH NOT FOUND (ABORTING MOD): <li><a href="<?php echo $special; ?>"><?php echo $text_special; ?></a></li>
----------------------------------------------------------------------


---------- Date: 2017-07-14 17:04:50 ~ IP : ::1 ----------
REQUEST URI : /e-commerce/kc-cart/index.php?route=common/home
MOD DETAILS:
   modFile   : C:\xampp\htdocs\e-commerce\kc-cart\vqmod/xml/shopencart-news-blog.xml
   id        : 
   version   : 1.1
   vqmver    : 
   author    : Flo from shopencart.com

File Name    : catalog/view/theme/*/template/common/footer.tpl(0)
VQModObject::applyMod - SEARCH NOT FOUND (ABORTING MOD): <li><a href="<?php echo $special; ?>"><?php echo $text_special; ?></a></li>
----------------------------------------------------------------------


---------- Date: 2017-07-14 17:06:49 ~ IP : ::1 ----------
REQUEST URI : /e-commerce/kc-cart/index.php?route=common/home
MOD DETAILS:
   modFile   : C:\xampp\htdocs\e-commerce\kc-cart\vqmod/xml/shopencart-news-blog.xml
   id        : 
   version   : 1.1
   vqmver    : 
   author    : Flo from shopencart.com

File Name    : catalog/view/theme/*/template/common/footer.tpl(0)
VQModObject::applyMod - SEARCH NOT FOUND (ABORTING MOD): <li><a href="<?php echo $special; ?>"><?php echo $text_special; ?></a></li>
----------------------------------------------------------------------


---------- Date: 2017-07-14 17:08:47 ~ IP : ::1 ----------
REQUEST URI : /e-commerce/kc-cart/index.php?route=common/home
MOD DETAILS:
   modFile   : C:\xampp\htdocs\e-commerce\kc-cart\vqmod/xml/shopencart-news-blog.xml
   id        : 
   version   : 1.1
   vqmver    : 
   author    : Flo from shopencart.com

File Name    : catalog/view/theme/*/template/common/footer.tpl(0)
VQModObject::applyMod - SEARCH NOT FOUND (ABORTING MOD): <li><a href="<?php echo $special; ?>"><?php echo $text_special; ?></a></li>
----------------------------------------------------------------------


---------- Date: 2017-07-14 17:09:25 ~ IP : ::1 ----------
REQUEST URI : /e-commerce/kc-cart/index.php?route=common/home
MOD DETAILS:
   modFile   : C:\xampp\htdocs\e-commerce\kc-cart\vqmod/xml/shopencart-news-blog.xml
   id        : 
   version   : 1.1
   vqmver    : 
   author    : Flo from shopencart.com

File Name    : catalog/view/theme/*/template/common/footer.tpl(0)
VQModObject::applyMod - SEARCH NOT FOUND (ABORTING MOD): <li><a href="<?php echo $special; ?>"><?php echo $text_special; ?></a></li>
----------------------------------------------------------------------


---------- Date: 2017-07-14 17:09:58 ~ IP : ::1 ----------
REQUEST URI : /e-commerce/kc-cart/index.php?route=common/home
MOD DETAILS:
   modFile   : C:\xampp\htdocs\e-commerce\kc-cart\vqmod/xml/shopencart-news-blog.xml
   id        : 
   version   : 1.1
   vqmver    : 
   author    : Flo from shopencart.com

File Name    : catalog/view/theme/*/template/common/footer.tpl(0)
VQModObject::applyMod - SEARCH NOT FOUND (ABORTING MOD): <li><a href="<?php echo $special; ?>"><?php echo $text_special; ?></a></li>
----------------------------------------------------------------------


---------- Date: 2017-07-14 17:12:50 ~ IP : ::1 ----------
REQUEST URI : /e-commerce/kc-cart/index.php?route=common/home
MOD DETAILS:
   modFile   : C:\xampp\htdocs\e-commerce\kc-cart\vqmod/xml/shopencart-news-blog.xml
   id        : 
   version   : 1.1
   vqmver    : 
   author    : Flo from shopencart.com

File Name    : catalog/view/theme/*/template/common/footer.tpl(0)
VQModObject::applyMod - SEARCH NOT FOUND (ABORTING MOD): <li><a href="<?php echo $special; ?>"><?php echo $text_special; ?></a></li>
----------------------------------------------------------------------


---------- Date: 2017-07-14 17:13:12 ~ IP : ::1 ----------
REQUEST URI : /e-commerce/kc-cart/index.php?route=common/home
MOD DETAILS:
   modFile   : C:\xampp\htdocs\e-commerce\kc-cart\vqmod/xml/shopencart-news-blog.xml
   id        : 
   version   : 1.1
   vqmver    : 
   author    : Flo from shopencart.com

File Name    : catalog/view/theme/*/template/common/footer.tpl(0)
VQModObject::applyMod - SEARCH NOT FOUND (ABORTING MOD): <li><a href="<?php echo $special; ?>"><?php echo $text_special; ?></a></li>
----------------------------------------------------------------------


---------- Date: 2017-07-14 17:13:32 ~ IP : ::1 ----------
REQUEST URI : /e-commerce/kc-cart/index.php?route=common/home
MOD DETAILS:
   modFile   : C:\xampp\htdocs\e-commerce\kc-cart\vqmod/xml/shopencart-news-blog.xml
   id        : 
   version   : 1.1
   vqmver    : 
   author    : Flo from shopencart.com

File Name    : catalog/view/theme/*/template/common/footer.tpl(0)
VQModObject::applyMod - SEARCH NOT FOUND (ABORTING MOD): <li><a href="<?php echo $special; ?>"><?php echo $text_special; ?></a></li>
----------------------------------------------------------------------


---------- Date: 2017-07-14 17:14:23 ~ IP : ::1 ----------
REQUEST URI : /e-commerce/kc-cart/index.php?route=common/home
MOD DETAILS:
   modFile   : C:\xampp\htdocs\e-commerce\kc-cart\vqmod/xml/shopencart-news-blog.xml
   id        : 
   version   : 1.1
   vqmver    : 
   author    : Flo from shopencart.com

File Name    : catalog/view/theme/*/template/common/footer.tpl(0)
VQModObject::applyMod - SEARCH NOT FOUND (ABORTING MOD): <li><a href="<?php echo $special; ?>"><?php echo $text_special; ?></a></li>
----------------------------------------------------------------------


---------- Date: 2017-07-14 17:14:28 ~ IP : ::1 ----------
REQUEST URI : /e-commerce/kc-cart/index.php?route=common/home
MOD DETAILS:
   modFile   : C:\xampp\htdocs\e-commerce\kc-cart\vqmod/xml/shopencart-news-blog.xml
   id        : 
   version   : 1.1
   vqmver    : 
   author    : Flo from shopencart.com

File Name    : catalog/view/theme/*/template/common/footer.tpl(0)
VQModObject::applyMod - SEARCH NOT FOUND (ABORTING MOD): <li><a href="<?php echo $special; ?>"><?php echo $text_special; ?></a></li>
----------------------------------------------------------------------


